<?xml version="1.0" encoding="utf-8"?><testsuites><testsuite name="pytest" errors="0" failures="0" skipped="3" tests="22" time="0.227" timestamp="2023-04-15T00:44:58.166217" hostname="944ee5ceb29b"><testcase classname="unit.test_sample" name="test_skip_if_system_is_linux_based" time="0.001"><skipped type="pytest.skip" message="Do not run in non windows systems">/home/runner/PyTest-Class/unit/test_sample.py:55: Do not run in non windows systems</skipped></testcase><testcase classname="unit.test_sample" name="test_when_input_1_then_respond_1" time="0.001" /><testcase classname="unit.test_sample" name="test_when_input_2_then_respond_2" time="0.001" /><testcase classname="unit.test_sample" name="test_when_input_3_then_respond_chease" time="0.001" /><testcase classname="unit.test_sample" name="test_when_input_5_then_respond_goiabada" time="0.001" /><testcase classname="unit.test_sample" name="test_when_input_negative_respond_none" time="0.001"><skipped type="pytest.skip" message="I did implemented yet">/home/runner/PyTest-Class/unit/test_sample.py:18: I did implemented yet</skipped></testcase><testcase classname="unit.test_sample" name="test_the_game_will_return_goiabada_for_any_multiple_of_5[5]" time="0.001" /><testcase classname="unit.test_sample" name="test_the_game_will_return_goiabada_for_any_multiple_of_5[10]" time="0.001" /><testcase classname="unit.test_sample" name="test_the_game_will_return_goiabada_for_any_multiple_of_5[15]" time="0.001" /><testcase classname="unit.test_sample" name="test_the_game_will_return_goiabada_for_any_multiple_of_5[20]" time="0.001" /><testcase classname="unit.test_sample" name="test_the_game_will_return_goiabada_for_any_multiple_of_5[125]" time="0.001" /><testcase classname="unit.test_sample" name="test_the_game_will_return_goiabada_for_any_multiple_of_5[500]" time="0.001" /><testcase classname="unit.test_sample" name="test_game_should_return_expected_value[1-1]" time="0.001" /><testcase classname="unit.test_sample" name="test_game_should_return_expected_value[2-2]" time="0.001" /><testcase classname="unit.test_sample" name="test_game_should_return_expected_value[3-chease]" time="0.001" /><testcase classname="unit.test_sample" name="test_game_should_return_expected_value[5-goiabada]" time="0.001" /><testcase classname="unit.test_sample" name="test_game_should_return_expected_value[9-chease]" time="0.001" /><testcase classname="unit.test_sample" name="test_game_should_return_expected_value[30-Romeo S2 Juliet0]" time="0.049" /><testcase classname="unit.test_sample" name="test_game_should_return_expected_value[30-Romeo S2 Juliet1]" time="0.001" /><testcase classname="unit.test_sample" name="test_game_should_return_expected_value[50-goiabada]" time="0.002" /><testcase classname="unit.test_sample" name="test_game_should_return_expected_value[27-chease]" time="0.001" /><testcase classname="unit.test_sample" name="test_125_should_not_return_neither_3_or_5" time="0.001"><skipped type="pytest.xfail" message="Multiple of " /></testcase></testsuite></testsuites>